<?xml version="1.0" encoding="UTF-8"?>
<testng-results ignored="0" total="1" passed="1" failed="0" skipped="0">
  <reporter-output>
  </reporter-output>
  <suite started-at="2024-11-22T05:45:55 IST" name="Default suite" finished-at="2024-11-22T05:45:58 IST" duration-ms="3307">
    <groups>
    </groups>
    <test started-at="2024-11-22T05:45:55 IST" name="Default test" finished-at="2024-11-22T05:45:58 IST" duration-ms="3307">
      <class name="_LabCorpPOC.BaseTest">
        <test-method is-config="true" signature="setUp()[pri:0, instance:_LabCorpPOC.BaseTest@c0c2f8d]" started-at="2024-11-22T05:45:55 IST" name="setUp" finished-at="2024-11-22T05:45:55 IST" duration-ms="15" status="PASS">
          <reporter-output>
          </reporter-output>
        </test-method> <!-- setUp -->
        <test-method signature="testing()[pri:0, instance:_LabCorpPOC.BaseTest@c0c2f8d]" started-at="2024-11-22T05:45:55 IST" name="testing" finished-at="2024-11-22T05:45:58 IST" duration-ms="3249" status="PASS">
          <reporter-output>
          </reporter-output>
        </test-method> <!-- testing -->
      </class> <!-- _LabCorpPOC.BaseTest -->
    </test> <!-- Default test -->
  </suite> <!-- Default suite -->
</testng-results>
